<?xml version="1.0" encoding="UTF-8"?>
<testng-results ignored="0" total="1" passed="1" failed="0" skipped="0">
  <reporter-output>
  </reporter-output>
  <suite started-at="2024-04-07T22:45:19 IST" name="Suite" finished-at="2024-04-07T22:45:36 IST" duration-ms="17600">
    <groups>
    </groups>
    <test started-at="2024-04-07T22:45:19 IST" name="Test" finished-at="2024-04-07T22:45:36 IST" duration-ms="17600">
      <class name="testscripts.regression.ValidateSearchHotelPageUsingPOM">
        <test-method is-config="true" signature="browserSetup()[pri:0, instance:testscripts.regression.ValidateSearchHotelPageUsingPOM@1ca3b418]" started-at="2024-04-07T22:45:19 IST" name="browserSetup" finished-at="2024-04-07T22:45:19 IST" duration-ms="18" status="PASS">
          <reporter-output>
          </reporter-output>
        </test-method> <!-- browserSetup -->
        <test-method is-config="true" signature="setUp()[pri:0, instance:testscripts.regression.ValidateSearchHotelPageUsingPOM@1ca3b418]" started-at="2024-04-07T22:45:19 IST" name="setUp" finished-at="2024-04-07T22:45:30 IST" duration-ms="11132" status="PASS">
          <reporter-output>
          </reporter-output>
        </test-method> <!-- setUp -->
        <test-method signature="SearchingForHotel()[pri:0, instance:testscripts.regression.ValidateSearchHotelPageUsingPOM@1ca3b418]" started-at="2024-04-07T22:45:30 IST" name="SearchingForHotel" finished-at="2024-04-07T22:45:33 IST" duration-ms="3197" status="PASS">
          <reporter-output>
          </reporter-output>
        </test-method> <!-- SearchingForHotel -->
        <test-method is-config="true" signature="tearDown()[pri:0, instance:testscripts.regression.ValidateSearchHotelPageUsingPOM@1ca3b418]" started-at="2024-04-07T22:45:33 IST" name="tearDown" finished-at="2024-04-07T22:45:36 IST" duration-ms="3207" status="PASS">
          <reporter-output>
          </reporter-output>
        </test-method> <!-- tearDown -->
      </class> <!-- testscripts.regression.ValidateSearchHotelPageUsingPOM -->
    </test> <!-- Test -->
  </suite> <!-- Suite -->
</testng-results>
