<?xml version="1.0" encoding="UTF-8"?>
<testng-results ignored="0" total="1" passed="1" failed="0" skipped="0">
  <reporter-output>
  </reporter-output>
  <suite started-at="2024-04-07T16:35:47 IST" name="Suite" finished-at="2024-04-07T16:36:05 IST" duration-ms="18439">
    <groups>
    </groups>
    <test started-at="2024-04-07T16:35:47 IST" name="Test" finished-at="2024-04-07T16:36:05 IST" duration-ms="18439">
      <class name="testscripts.regression.ValidateSearchHotelPageUsingPOM">
        <test-method is-config="true" signature="browserSetup()[pri:0, instance:testscripts.regression.ValidateSearchHotelPageUsingPOM@74e28667]" started-at="2024-04-07T16:35:47 IST" name="browserSetup" finished-at="2024-04-07T16:35:47 IST" duration-ms="13" status="PASS">
          <reporter-output>
          </reporter-output>
        </test-method> <!-- browserSetup -->
        <test-method is-config="true" signature="setUp()[pri:0, instance:testscripts.regression.ValidateSearchHotelPageUsingPOM@74e28667]" started-at="2024-04-07T16:35:47 IST" name="setUp" finished-at="2024-04-07T16:35:58 IST" duration-ms="11595" status="PASS">
          <reporter-output>
          </reporter-output>
        </test-method> <!-- setUp -->
        <test-method signature="SearchingForHotel()[pri:0, instance:testscripts.regression.ValidateSearchHotelPageUsingPOM@74e28667]" started-at="2024-04-07T16:35:58 IST" name="SearchingForHotel" finished-at="2024-04-07T16:36:02 IST" duration-ms="3593" status="PASS">
          <reporter-output>
          </reporter-output>
        </test-method> <!-- SearchingForHotel -->
        <test-method is-config="true" signature="tearDown()[pri:0, instance:testscripts.regression.ValidateSearchHotelPageUsingPOM@74e28667]" started-at="2024-04-07T16:36:02 IST" name="tearDown" finished-at="2024-04-07T16:36:05 IST" duration-ms="3190" status="PASS">
          <reporter-output>
          </reporter-output>
        </test-method> <!-- tearDown -->
      </class> <!-- testscripts.regression.ValidateSearchHotelPageUsingPOM -->
    </test> <!-- Test -->
  </suite> <!-- Suite -->
</testng-results>
